<?xml version="1.0" encoding="UTF-8" ?>
<testsuite tests="23" failures="0" name="edu.neu.ccs.cs5004.models.player.PlayerTest" time="0.03" errors="1" skipped="0">
  <properties>
[...]
</properties>
  <testcase classname="edu.neu.ccs.cs5004.models.player.PlayerTest" name="endGame" time="0.003"/>
  <testcase classname="edu.neu.ccs.cs5004.models.player.PlayerTest" name="viewShips" time="0.001"/>
  <testcase classname="edu.neu.ccs.cs5004.models.player.PlayerTest" name="getMap" time="0"/>
  <testcase classname="edu.neu.ccs.cs5004.models.player.PlayerTest" name="directionRandomInput" time="0.001"/>
  <testcase classname="edu.neu.ccs.cs5004.models.player.PlayerTest" name="viewBattleMap" time="0"/>
  <testcase classname="edu.neu.ccs.cs5004.models.player.PlayerTest" name="rowRandomGuess" time="0"/>
  <testcase classname="edu.neu.ccs.cs5004.models.player.PlayerTest" name="rowRandomInput" time="0"/>
  <testcase classname="edu.neu.ccs.cs5004.models.player.PlayerTest" name="columnGuess" time="0.007"/>
  <testcase classname="edu.neu.ccs.cs5004.models.player.PlayerTest" name="columnInput" time="0.001"/>
  <testcase classname="edu.neu.ccs.cs5004.models.player.PlayerTest" name="successHit" time="0.001"/>
  <testcase classname="edu.neu.ccs.cs5004.models.player.PlayerTest" name="getBattleMap" time="0"/>
  <testcase classname="edu.neu.ccs.cs5004.models.player.PlayerTest" name="rowGuess" time="0.002"/>
  <testcase classname="edu.neu.ccs.cs5004.models.player.PlayerTest" name="rowInput" time="0"/>
  <testcase classname="edu.neu.ccs.cs5004.models.player.PlayerTest" name="placeShipOnMap" time="0"/>
  <testcase classname="edu.neu.ccs.cs5004.models.player.PlayerTest" name="convertToShipCell" time="0"/>
  <testcase classname="edu.neu.ccs.cs5004.models.player.PlayerTest" name="canBePlaced" time="0.005"/>
  <testcase classname="edu.neu.ccs.cs5004.models.player.PlayerTest" name="viewMap" time="0"/>
  <testcase classname="edu.neu.ccs.cs5004.models.player.PlayerTest" name="updateBattleMap" time="0"/>
  <testcase classname="edu.neu.ccs.cs5004.models.player.PlayerTest" name="directionInput" time="0.001"/>
  <testcase classname="edu.neu.ccs.cs5004.models.player.PlayerTest" name="columnRandomGuess" time="0"/>
  <testcase classname="edu.neu.ccs.cs5004.models.player.PlayerTest" name="columnRandomInput" time="0"/>
  <testcase classname="edu.neu.ccs.cs5004.models.player.PlayerTest" name="getShips" time="0.008">
    <error message="tried to access method edu.neu.ccs.cs5004.models.player.Player.getShips()[Ledu/neu/ccs/cs5004/models/Ship; from class edu.neu.ccs.cs5004.models.player.PlayerTest" type="java.lang.IllegalAccessError">java.lang.IllegalAccessError: tried to access method edu.neu.ccs.cs5004.models.player.Player.getShips()[Ledu/neu/ccs/cs5004/models/Ship; from class edu.neu.ccs.cs5004.models.player.PlayerTest
	at edu.neu.ccs.cs5004.models.player.PlayerTest.getShips(PlayerTest.java:68)
	at sun.reflect.NativeMethodAccessorImpl.invoke0(Native Method)
	at sun.reflect.NativeMethodAccessorImpl.invoke(NativeMethodAccessorImpl.java:62)
	at sun.reflect.DelegatingMethodAccessorImpl.invoke(DelegatingMethodAccessorImpl.java:43)
	at java.lang.reflect.Method.invoke(Method.java:498)
	at org.junit.runners.model.FrameworkMethod$1.runReflectiveCall(FrameworkMethod.java:50)
	at org.junit.internal.runners.model.ReflectiveCallable.run(ReflectiveCallable.java:12)
	at org.junit.runners.model.FrameworkMethod.invokeExplosively(FrameworkMethod.java:47)
	at org.junit.internal.runners.statements.InvokeMethod.evaluate(InvokeMethod.java:17)
	at org.junit.internal.runners.statements.RunBefores.evaluate(RunBefores.java:26)
	at org.junit.runners.ParentRunner.runLeaf(ParentRunner.java:325)
	at org.junit.runners.BlockJUnit4ClassRunner.runChild(BlockJUnit4ClassRunner.java:78)
	at org.junit.runners.BlockJUnit4ClassRunner.runChild(BlockJUnit4ClassRunner.java:57)
	at org.junit.runners.ParentRunner$3.run(ParentRunner.java:290)
	at org.junit.runners.ParentRunner$1.schedule(ParentRunner.java:71)
	at org.junit.runners.ParentRunner.runChildren(ParentRunner.java:288)
	at org.junit.runners.ParentRunner.access$000(ParentRunner.java:58)
	at org.junit.runners.ParentRunner$2.evaluate(ParentRunner.java:268)
	at org.junit.runners.ParentRunner.run(ParentRunner.java:363)
	at org.apache.maven.surefire.junit4.JUnit4Provider.execute(JUnit4Provider.java:252)
	at org.apache.maven.surefire.junit4.JUnit4Provider.executeTestSet(JUnit4Provider.java:141)
	at org.apache.maven.surefire.junit4.JUnit4Provider.invoke(JUnit4Provider.java:112)
	at sun.reflect.NativeMethodAccessorImpl.invoke0(Native Method)
	at sun.reflect.NativeMethodAccessorImpl.invoke(NativeMethodAccessorImpl.java:62)
	at sun.reflect.DelegatingMethodAccessorImpl.invoke(DelegatingMethodAccessorImpl.java:43)
	at java.lang.reflect.Method.invoke(Method.java:498)
	at org.apache.maven.surefire.util.ReflectionUtils.invokeMethodWithArray(ReflectionUtils.java:189)
	at org.apache.maven.surefire.booter.ProviderFactory$ProviderProxy.invoke(ProviderFactory.java:165)
	at org.apache.maven.surefire.booter.ProviderFactory.invokeProvider(ProviderFactory.java:85)
	at org.apache.maven.surefire.booter.ForkedBooter.runSuitesInProcess(ForkedBooter.java:115)
	at org.apache.maven.surefire.booter.ForkedBooter.main(ForkedBooter.java:75)
</error>
  </testcase>
  <testcase classname="edu.neu.ccs.cs5004.models.player.PlayerTest" name="confirmInput" time="0"/>
</testsuite>